[2025-05-30 21:20:35] info: Auth is running on port 5000
[2025-05-30 21:20:45] error: Error: connect ECONNREFUSED 127.0.0.1:5432
    at /home/theplugza/Gamified-Financial-Visualizer/gamified-finance-api/services/auth-services/node_modules/pg-pool/index.js:45:11
    at process.processTicksAndRejections (node:internal/process/task_queues:95:5)
    at async Module.getUserByUsername (/home/theplugza/Gamified-Financial-Visualizer/gamified-finance-api/services/auth-services/src/services/auth.service.ts:89:20)
    at async login (/home/theplugza/Gamified-Financial-Visualizer/gamified-finance-api/services/auth-services/src/routes/authRoutes.ts:113:18)
[2025-05-30 21:20:45] error: Error: connect ECONNREFUSED 127.0.0.1:5432
    at /home/theplugza/Gamified-Financial-Visualizer/gamified-finance-api/services/auth-services/node_modules/pg-pool/index.js:45:11
    at process.processTicksAndRejections (node:internal/process/task_queues:95:5)
    at async Module.getUserByUsername (/home/theplugza/Gamified-Financial-Visualizer/gamified-finance-api/services/auth-services/src/services/auth.service.ts:89:20)
    at async login (/home/theplugza/Gamified-Financial-Visualizer/gamified-finance-api/services/auth-services/src/routes/authRoutes.ts:113:18)
[2025-05-30 22:10:35] info: Auth is running on port 5000
[2025-05-30 22:10:49] info: [Auth] User logged in: masimbamaf
[2025-05-30 22:10:55] info: [Auth] User logged in: masimbamaf
[2025-05-30 22:18:18] info: [Auth] User logged in: masimbamaf
[2025-05-30 22:19:49] info: Auth is running on port 5000
[2025-05-30 22:19:58] info: [Auth] User logged in: masimbamaf
[2025-05-30 22:21:44] info: Auth is running on port 5000
[2025-05-30 22:21:51] info: [Auth] User logged in: masimbamaf
[2025-06-04 13:30:08] info: Auth is running on port 5000
[2025-06-04 13:30:19] info: [Auth] User logged in: malaikauser
[2025-06-04 13:34:58] info: Auth is running on port 5000
[2025-06-04 13:35:05] info: [Auth] User logged in: malaikauser
