[2025-05-26 19:56:32] error: error: null value in column "hashed_password" of relation "users" violates not-null constraint
    at /home/theplugza/Gamified-Financial-Visualizer/gamified-finance-api/services/auth-services/node_modules/pg-pool/index.js:45:11
    at process.processTicksAndRejections (node:internal/process/task_queues:95:5)
    at async Module.createUser (/home/theplugza/Gamified-Financial-Visualizer/gamified-finance-api/services/auth-services/src/services/auth.service.ts:24:20)
    at async register (/home/theplugza/Gamified-Financial-Visualizer/gamified-finance-api/services/auth-services/src/routes/authRoutes.ts:64:18)
[2025-05-26 19:56:32] error: error: null value in column "hashed_password" of relation "users" violates not-null constraint
    at /home/theplugza/Gamified-Financial-Visualizer/gamified-finance-api/services/auth-services/node_modules/pg-pool/index.js:45:11
    at process.processTicksAndRejections (node:internal/process/task_queues:95:5)
    at async Module.createUser (/home/theplugza/Gamified-Financial-Visualizer/gamified-finance-api/services/auth-services/src/services/auth.service.ts:24:20)
    at async register (/home/theplugza/Gamified-Financial-Visualizer/gamified-finance-api/services/auth-services/src/routes/authRoutes.ts:64:18)
[2025-05-26 20:33:14] error: TypeError: pchstr must be a non-empty string
    at deserialize (/home/theplugza/Gamified-Financial-Visualizer/gamified-finance-api/services/auth-services/node_modules/@phc/format/index.js:143:11)
    at Object.verify (/home/theplugza/Gamified-Financial-Visualizer/gamified-finance-api/services/auth-services/node_modules/argon2/argon2.js:91:15)
    at login (/home/theplugza/Gamified-Financial-Visualizer/gamified-finance-api/services/auth-services/src/routes/authRoutes.ts:119:32)
    at process.processTicksAndRejections (node:internal/process/task_queues:95:5)
[2025-05-26 20:33:55] error: TypeError: pchstr must be a non-empty string
    at deserialize (/home/theplugza/Gamified-Financial-Visualizer/gamified-finance-api/services/auth-services/node_modules/@phc/format/index.js:143:11)
    at Object.verify (/home/theplugza/Gamified-Financial-Visualizer/gamified-finance-api/services/auth-services/node_modules/argon2/argon2.js:91:15)
    at login (/home/theplugza/Gamified-Financial-Visualizer/gamified-finance-api/services/auth-services/src/routes/authRoutes.ts:119:32)
    at process.processTicksAndRejections (node:internal/process/task_queues:95:5)
[2025-05-26 20:38:47] error: TypeError: pchstr must be a non-empty string
    at deserialize (/home/theplugza/Gamified-Financial-Visualizer/gamified-finance-api/services/auth-services/node_modules/@phc/format/index.js:143:11)
    at Object.verify (/home/theplugza/Gamified-Financial-Visualizer/gamified-finance-api/services/auth-services/node_modules/argon2/argon2.js:91:15)
    at login (/home/theplugza/Gamified-Financial-Visualizer/gamified-finance-api/services/auth-services/src/routes/authRoutes.ts:119:32)
    at process.processTicksAndRejections (node:internal/process/task_queues:95:5)
[2025-05-27 03:41:45] error: TypeError: pchstr must contain a $ as first char
    at deserialize (/home/theplugza/Gamified-Financial-Visualizer/gamified-finance-api/services/auth-services/node_modules/@phc/format/index.js:147:11)
    at Object.verify (/home/theplugza/Gamified-Financial-Visualizer/gamified-finance-api/services/auth-services/node_modules/argon2/argon2.js:91:15)
    at login (/home/theplugza/Gamified-Financial-Visualizer/gamified-finance-api/services/auth-services/src/routes/authRoutes.ts:119:32)
    at process.processTicksAndRejections (node:internal/process/task_queues:95:5)
[2025-05-27 20:13:38] error: Error: User with username 'testuser' not found
    at Module.getUserID (/home/theplugza/Gamified-Financial-Visualizer/gamified-finance-api/services/auth-services/src/services/auth.service.ts:66:13)
    at process.processTicksAndRejections (node:internal/process/task_queues:95:5)
    at async <anonymous> (/home/theplugza/Gamified-Financial-Visualizer/gamified-finance-api/services/auth-services/src/routes/authRoutes.ts:150:21)
[2025-05-27 20:13:38] error: Error: User with username 'testuser' not found
    at Module.getUserID (/home/theplugza/Gamified-Financial-Visualizer/gamified-finance-api/services/auth-services/src/services/auth.service.ts:66:13)
    at process.processTicksAndRejections (node:internal/process/task_queues:95:5)
    at async <anonymous> (/home/theplugza/Gamified-Financial-Visualizer/gamified-finance-api/services/auth-services/src/routes/authRoutes.ts:150:21)
[2025-05-30 21:20:45] error: Error: connect ECONNREFUSED 127.0.0.1:5432
    at /home/theplugza/Gamified-Financial-Visualizer/gamified-finance-api/services/auth-services/node_modules/pg-pool/index.js:45:11
    at process.processTicksAndRejections (node:internal/process/task_queues:95:5)
    at async Module.getUserByUsername (/home/theplugza/Gamified-Financial-Visualizer/gamified-finance-api/services/auth-services/src/services/auth.service.ts:89:20)
    at async login (/home/theplugza/Gamified-Financial-Visualizer/gamified-finance-api/services/auth-services/src/routes/authRoutes.ts:113:18)
[2025-05-30 21:20:45] error: Error: connect ECONNREFUSED 127.0.0.1:5432
    at /home/theplugza/Gamified-Financial-Visualizer/gamified-finance-api/services/auth-services/node_modules/pg-pool/index.js:45:11
    at process.processTicksAndRejections (node:internal/process/task_queues:95:5)
    at async Module.getUserByUsername (/home/theplugza/Gamified-Financial-Visualizer/gamified-finance-api/services/auth-services/src/services/auth.service.ts:89:20)
    at async login (/home/theplugza/Gamified-Financial-Visualizer/gamified-finance-api/services/auth-services/src/routes/authRoutes.ts:113:18)
