[2025-05-27 21:38:32] info: Goals service running on port 5002
[2025-05-27 21:48:03] error: error: invalid input syntax for type integer: "NaN"
    at /home/theplugza/Gamified-Financial-Visualizer/gamified-finance-api/services/goal-service/node_modules/pg-pool/index.js:45:11
    at processTicksAndRejections (node:internal/process/task_queues:95:5)
    at getGoal (/home/theplugza/Gamified-Financial-Visualizer/gamified-finance-api/services/goal-service/src/services/goals.service.ts:76:17)
    at /home/theplugza/Gamified-Financial-Visualizer/gamified-finance-api/services/goal-service/src/routes/goalRoutes.ts:504:18
[2025-05-27 21:48:03] error: error: invalid input syntax for type integer: "NaN"
    at /home/theplugza/Gamified-Financial-Visualizer/gamified-finance-api/services/goal-service/node_modules/pg-pool/index.js:45:11
    at processTicksAndRejections (node:internal/process/task_queues:95:5)
    at getGoal (/home/theplugza/Gamified-Financial-Visualizer/gamified-finance-api/services/goal-service/src/services/goals.service.ts:76:17)
    at /home/theplugza/Gamified-Financial-Visualizer/gamified-finance-api/services/goal-service/src/routes/goalRoutes.ts:504:18
[2025-05-27 21:49:01] error: error: invalid input syntax for type integer: "NaN"
    at /home/theplugza/Gamified-Financial-Visualizer/gamified-finance-api/services/goal-service/node_modules/pg-pool/index.js:45:11
    at processTicksAndRejections (node:internal/process/task_queues:95:5)
    at getGoal (/home/theplugza/Gamified-Financial-Visualizer/gamified-finance-api/services/goal-service/src/services/goals.service.ts:76:17)
    at /home/theplugza/Gamified-Financial-Visualizer/gamified-finance-api/services/goal-service/src/routes/goalRoutes.ts:504:18
[2025-05-27 21:49:01] error: error: invalid input syntax for type integer: "NaN"
    at /home/theplugza/Gamified-Financial-Visualizer/gamified-finance-api/services/goal-service/node_modules/pg-pool/index.js:45:11
    at processTicksAndRejections (node:internal/process/task_queues:95:5)
    at getGoal (/home/theplugza/Gamified-Financial-Visualizer/gamified-finance-api/services/goal-service/src/services/goals.service.ts:76:17)
    at /home/theplugza/Gamified-Financial-Visualizer/gamified-finance-api/services/goal-service/src/routes/goalRoutes.ts:504:18
[2025-05-27 21:50:03] info: Goals service running on port 5002
[2025-05-27 21:50:24] info: Goals service running on port 5002
[2025-05-27 21:51:05] info: Goals service running on port 5002
