[2025-05-27 03:22:53] error: error: insert or update on table "goals" violates foreign key constraint "goals_user_id_fkey"
    at /home/theplugza/Gamified-Financial-Visualizer/gamified-finance-api/services/goal-service/node_modules/pg-pool/index.js:45:11
    at process.processTicksAndRejections (node:internal/process/task_queues:95:5)
    at async createGoal (/home/theplugza/Gamified-Financial-Visualizer/gamified-finance-api/services/goal-service/src/services/goals.service.ts:51:17)
    at async <anonymous> (/home/theplugza/Gamified-Financial-Visualizer/gamified-finance-api/services/goal-service/src/routes/goalRoutes.ts:474:20)
[2025-05-27 03:22:53] error: error: insert or update on table "goals" violates foreign key constraint "goals_user_id_fkey"
    at /home/theplugza/Gamified-Financial-Visualizer/gamified-finance-api/services/goal-service/node_modules/pg-pool/index.js:45:11
    at process.processTicksAndRejections (node:internal/process/task_queues:95:5)
    at async createGoal (/home/theplugza/Gamified-Financial-Visualizer/gamified-finance-api/services/goal-service/src/services/goals.service.ts:51:17)
    at async <anonymous> (/home/theplugza/Gamified-Financial-Visualizer/gamified-finance-api/services/goal-service/src/routes/goalRoutes.ts:474:20)
[2025-05-27 03:29:36] error: Error: SASL: SCRAM-SERVER-FIRST-MESSAGE: client password must be a string
    at /home/theplugza/Gamified-Financial-Visualizer/gamified-finance-api/services/goal-service/node_modules/pg-pool/index.js:45:11
    at process.processTicksAndRejections (node:internal/process/task_queues:95:5)
    at async createGoal (/home/theplugza/Gamified-Financial-Visualizer/gamified-finance-api/services/goal-service/src/services/goals.service.ts:51:17)
    at async <anonymous> (/home/theplugza/Gamified-Financial-Visualizer/gamified-finance-api/services/goal-service/src/routes/goalRoutes.ts:474:20)
[2025-05-27 03:29:36] error: Error: SASL: SCRAM-SERVER-FIRST-MESSAGE: client password must be a string
    at /home/theplugza/Gamified-Financial-Visualizer/gamified-finance-api/services/goal-service/node_modules/pg-pool/index.js:45:11
    at process.processTicksAndRejections (node:internal/process/task_queues:95:5)
    at async createGoal (/home/theplugza/Gamified-Financial-Visualizer/gamified-finance-api/services/goal-service/src/services/goals.service.ts:51:17)
    at async <anonymous> (/home/theplugza/Gamified-Financial-Visualizer/gamified-finance-api/services/goal-service/src/routes/goalRoutes.ts:474:20)
[2025-05-27 03:31:14] error: Error: SASL: SCRAM-SERVER-FIRST-MESSAGE: client password must be a string
    at /home/theplugza/Gamified-Financial-Visualizer/gamified-finance-api/services/goal-service/node_modules/pg-pool/index.js:45:11
    at process.processTicksAndRejections (node:internal/process/task_queues:95:5)
    at async createGoal (/home/theplugza/Gamified-Financial-Visualizer/gamified-finance-api/services/goal-service/src/services/goals.service.ts:51:17)
    at async <anonymous> (/home/theplugza/Gamified-Financial-Visualizer/gamified-finance-api/services/goal-service/src/routes/goalRoutes.ts:474:20)
[2025-05-27 03:31:14] error: Error: SASL: SCRAM-SERVER-FIRST-MESSAGE: client password must be a string
    at /home/theplugza/Gamified-Financial-Visualizer/gamified-finance-api/services/goal-service/node_modules/pg-pool/index.js:45:11
    at process.processTicksAndRejections (node:internal/process/task_queues:95:5)
    at async createGoal (/home/theplugza/Gamified-Financial-Visualizer/gamified-finance-api/services/goal-service/src/services/goals.service.ts:51:17)
    at async <anonymous> (/home/theplugza/Gamified-Financial-Visualizer/gamified-finance-api/services/goal-service/src/routes/goalRoutes.ts:474:20)
[2025-05-27 03:32:00] error: Error: SASL: SCRAM-SERVER-FIRST-MESSAGE: client password must be a string
    at /home/theplugza/Gamified-Financial-Visualizer/gamified-finance-api/services/goal-service/node_modules/pg-pool/index.js:45:11
    at process.processTicksAndRejections (node:internal/process/task_queues:95:5)
    at async createGoal (/home/theplugza/Gamified-Financial-Visualizer/gamified-finance-api/services/goal-service/src/services/goals.service.ts:51:17)
    at async <anonymous> (/home/theplugza/Gamified-Financial-Visualizer/gamified-finance-api/services/goal-service/src/routes/goalRoutes.ts:474:20)
[2025-05-27 03:32:00] error: Error: SASL: SCRAM-SERVER-FIRST-MESSAGE: client password must be a string
    at /home/theplugza/Gamified-Financial-Visualizer/gamified-finance-api/services/goal-service/node_modules/pg-pool/index.js:45:11
    at process.processTicksAndRejections (node:internal/process/task_queues:95:5)
    at async createGoal (/home/theplugza/Gamified-Financial-Visualizer/gamified-finance-api/services/goal-service/src/services/goals.service.ts:51:17)
    at async <anonymous> (/home/theplugza/Gamified-Financial-Visualizer/gamified-finance-api/services/goal-service/src/routes/goalRoutes.ts:474:20)
[2025-05-27 03:35:00] error: Error: SASL: SCRAM-SERVER-FIRST-MESSAGE: client password must be a string
    at /home/theplugza/Gamified-Financial-Visualizer/gamified-finance-api/services/goal-service/node_modules/pg-pool/index.js:45:11
    at process.processTicksAndRejections (node:internal/process/task_queues:95:5)
    at async createGoal (/home/theplugza/Gamified-Financial-Visualizer/gamified-finance-api/services/goal-service/src/services/goals.service.ts:51:17)
    at async <anonymous> (/home/theplugza/Gamified-Financial-Visualizer/gamified-finance-api/services/goal-service/src/routes/goalRoutes.ts:474:20)
[2025-05-27 03:35:00] error: Error: SASL: SCRAM-SERVER-FIRST-MESSAGE: client password must be a string
    at /home/theplugza/Gamified-Financial-Visualizer/gamified-finance-api/services/goal-service/node_modules/pg-pool/index.js:45:11
    at process.processTicksAndRejections (node:internal/process/task_queues:95:5)
    at async createGoal (/home/theplugza/Gamified-Financial-Visualizer/gamified-finance-api/services/goal-service/src/services/goals.service.ts:51:17)
    at async <anonymous> (/home/theplugza/Gamified-Financial-Visualizer/gamified-finance-api/services/goal-service/src/routes/goalRoutes.ts:474:20)
