[2025-05-25 21:13:45] info: Transaction service running on port 5003
[2025-05-25 21:21:17] info: Transaction service running on port 5003
[2025-05-25 21:21:58] info: Transaction service running on port 5003
[2025-05-25 22:16:20] info: Transaction service running on port 5003
[2025-05-25 22:30:10] info: Transaction service running on port 5003
[2025-05-25 23:04:44] info: Transaction service running on port 5003
[2025-05-25 23:15:06] info: Transaction service running on port 5003
[2025-05-25 23:19:23] info: Transaction service running on port 5003
[2025-05-25 23:19:25] info: Transaction service running on port 5003
[2025-05-25 23:19:36] info: Transaction service running on port 5003
[2025-05-25 23:21:43] info: Transaction service running on port 5003
[2025-05-25 23:27:16] info: Transaction service running on port 5003
[2025-05-25 23:29:34] info: Transaction service running on port 5003
[2025-05-25 23:29:36] info: Transaction service running on port 5003
[2025-05-25 23:29:37] info: Transaction service running on port 5003
[2025-05-25 23:31:53] info: Transaction service running on port 5432
[2025-05-25 23:33:09] info: Transaction service running on port 5432
[2025-05-25 23:33:13] info: Transaction service running on port 5432
[2025-05-25 23:33:25] info: Transaction service running on port 5432
[2025-05-25 23:33:29] info: Transaction service running on port 5432
[2025-05-25 23:33:44] info: Transaction service running on port 5432
[2025-05-25 23:35:00] info: Transaction service running on port 5000
[2025-05-25 23:37:16] info: Transaction service running on port 5000
[2025-05-25 23:41:01] info: Transaction service running on port 5000
[2025-05-25 23:41:31] info: Transaction service running on port 5000
[2025-05-25 23:41:37] info: Transaction service running on port 5000
[2025-05-25 23:44:47] info: Transaction service running on port 5000
[2025-05-25 23:46:06] info: Transaction service running on port 5000
[2025-05-26 10:25:47] info: Transaction service running on port 5000
[2025-05-26 10:35:31] info: Transaction service running on port 5000
[2025-05-26 10:36:07] info: Transaction service running on port 500
[2025-05-26 10:36:12] info: Transaction service running on port 5000
[2025-05-26 10:42:25] info: Transaction service running on port 5000
[2025-05-26 10:43:08] info: Transaction service running on port 5000
[2025-05-26 10:43:16] info: Transaction service running on port 5000
[2025-05-26 10:43:25] info: Transaction service running on port 5000
[2025-05-26 10:43:26] info: Transaction service running on port 5000
[2025-05-26 10:43:32] info: Transaction service running on port 5000
[2025-05-26 10:49:02] info: Transaction service running on port 5000
[2025-05-26 10:51:07] info: Transaction service running on port 5000
[2025-05-26 10:54:04] info: Transaction service running on port 5000
[2025-05-26 10:56:45] info: Transaction service running on port 5000
[2025-05-26 11:02:10] info: Transaction service running on port 5000
[2025-05-26 11:02:22] info: Transaction service running on port 5000
[2025-05-26 11:29:51] info: Transaction service running on port 5000
[2025-05-26 11:31:16] info: Transaction service running on port 5000
[2025-05-26 11:33:24] info: [TransactionService] Created transaction ID=16
[2025-05-26 11:39:34] info: Transaction service running on port 5000
[2025-05-26 12:41:02] info: [TransactionService] Created transaction ID=17
[2025-05-26 12:41:41] info: [TransactionService] Created transaction ID=18
[2025-05-26 12:43:29] info: [TransactionService] Created transaction ID=19
[2025-05-26 12:43:57] info: [TransactionService] Created transaction ID=20
[2025-05-26 18:52:43] info: Transaction service running on port 5000
[2025-05-26 18:54:09] info: [TransactionService] Created transaction ID=21
[2025-05-27 02:17:30] info: Transaction service running on port 5001
[2025-05-27 02:24:10] info: Transaction service running on port 5001
[2025-05-27 02:26:27] info: Transaction service running on port 5001
[2025-05-27 02:30:00] info: Transaction service running on port 5001
[2025-05-26 23:33:03] info: Transaction service running on port 5000
[2025-05-27 00:34:39] info: Transaction service running on port 5000
[2025-05-27 02:36:29] info: Transaction service running on port 5001
[2025-05-27 02:38:44] info: Transaction service running on port 5001
[2025-05-27 02:40:01] info: Transaction service running on port 5001
[2025-05-27 02:49:48] info: Transaction service running on port 5001
[2025-05-27 02:51:37] info: Transaction service running on port 5001
[2025-05-27 02:57:43] info: Transaction service running on port 5001
[2025-05-27 02:59:37] info: Transaction service running on port 5001
[2025-05-27 03:08:42] info: Transaction service running on port 5001
[2025-05-27 03:09:29] info: Transaction service running on port 5001
[2025-05-27 03:11:44] info: Transaction service running on port 5001
[2025-05-27 03:15:57] info: Transaction service running on port 5001
[2025-05-27 03:20:30] info: Transaction service running on port 5001
[2025-05-27 03:24:34] info: Transaction service running on port 5001
[2025-05-27 03:28:58] info: Transaction service running on port 5001
[2025-05-27 03:36:23] info: Transaction service running on port 5001
[2025-05-27 03:44:44] info: Transaction service running on port 5001
[2025-05-27 17:07:08] info: Transaction service running on port 5001
[2025-05-27 17:07:52] info: [TransactionService] Created budget ID=8 for user 15
[2025-05-27 17:27:12] info: [TransactionService] Created transaction ID=27
[2025-05-27 20:03:01] info: Transaction service running on port 5001
[2025-05-27 20:12:48] error: error: invalid input syntax for type integer: "NaN"
    at /home/theplugza/Gamified-Financial-Visualizer/gamified-finance-api/services/transaction-service/node_modules/pg-pool/index.js:45:11
    at process.processTicksAndRejections (node:internal/process/task_queues:95:5)
    at async getUserTransactions (/home/theplugza/Gamified-Financial-Visualizer/gamified-finance-api/services/transaction-service/src/services/transaction.service.ts:219:17)
    at async <anonymous> (/home/theplugza/Gamified-Financial-Visualizer/gamified-finance-api/services/transaction-service/src/routes/transactionRoutes.ts:63:18)
[2025-05-27 20:12:48] error: error: invalid input syntax for type integer: "NaN"
    at /home/theplugza/Gamified-Financial-Visualizer/gamified-finance-api/services/transaction-service/node_modules/pg-pool/index.js:45:11
    at process.processTicksAndRejections (node:internal/process/task_queues:95:5)
    at async getUserTransactions (/home/theplugza/Gamified-Financial-Visualizer/gamified-finance-api/services/transaction-service/src/services/transaction.service.ts:219:17)
    at async <anonymous> (/home/theplugza/Gamified-Financial-Visualizer/gamified-finance-api/services/transaction-service/src/routes/transactionRoutes.ts:63:18)
[2025-05-27 20:12:55] error: error: invalid input syntax for type integer: "NaN"
    at /home/theplugza/Gamified-Financial-Visualizer/gamified-finance-api/services/transaction-service/node_modules/pg-pool/index.js:45:11
    at process.processTicksAndRejections (node:internal/process/task_queues:95:5)
    at async getUserTransactions (/home/theplugza/Gamified-Financial-Visualizer/gamified-finance-api/services/transaction-service/src/services/transaction.service.ts:219:17)
    at async <anonymous> (/home/theplugza/Gamified-Financial-Visualizer/gamified-finance-api/services/transaction-service/src/routes/transactionRoutes.ts:63:18)
[2025-05-27 20:12:55] error: error: invalid input syntax for type integer: "NaN"
    at /home/theplugza/Gamified-Financial-Visualizer/gamified-finance-api/services/transaction-service/node_modules/pg-pool/index.js:45:11
    at process.processTicksAndRejections (node:internal/process/task_queues:95:5)
    at async getUserTransactions (/home/theplugza/Gamified-Financial-Visualizer/gamified-finance-api/services/transaction-service/src/services/transaction.service.ts:219:17)
    at async <anonymous> (/home/theplugza/Gamified-Financial-Visualizer/gamified-finance-api/services/transaction-service/src/routes/transactionRoutes.ts:63:18)
[2025-05-27 20:13:21] info: Transaction service running on port 5001
[2025-05-27 20:13:39] error: error: invalid input syntax for type integer: "NaN"
    at /home/theplugza/Gamified-Financial-Visualizer/gamified-finance-api/services/transaction-service/node_modules/pg-pool/index.js:45:11
    at process.processTicksAndRejections (node:internal/process/task_queues:95:5)
    at async getUserTransactions (/home/theplugza/Gamified-Financial-Visualizer/gamified-finance-api/services/transaction-service/src/services/transaction.service.ts:219:17)
    at async <anonymous> (/home/theplugza/Gamified-Financial-Visualizer/gamified-finance-api/services/transaction-service/src/routes/transactionRoutes.ts:63:18)
[2025-05-27 20:13:39] error: error: invalid input syntax for type integer: "NaN"
    at /home/theplugza/Gamified-Financial-Visualizer/gamified-finance-api/services/transaction-service/node_modules/pg-pool/index.js:45:11
    at process.processTicksAndRejections (node:internal/process/task_queues:95:5)
    at async getUserTransactions (/home/theplugza/Gamified-Financial-Visualizer/gamified-finance-api/services/transaction-service/src/services/transaction.service.ts:219:17)
    at async <anonymous> (/home/theplugza/Gamified-Financial-Visualizer/gamified-finance-api/services/transaction-service/src/routes/transactionRoutes.ts:63:18)
[2025-05-27 20:14:08] error: error: invalid input syntax for type integer: "NaN"
    at /home/theplugza/Gamified-Financial-Visualizer/gamified-finance-api/services/transaction-service/node_modules/pg-pool/index.js:45:11
    at process.processTicksAndRejections (node:internal/process/task_queues:95:5)
    at async getUserTransactions (/home/theplugza/Gamified-Financial-Visualizer/gamified-finance-api/services/transaction-service/src/services/transaction.service.ts:219:17)
    at async <anonymous> (/home/theplugza/Gamified-Financial-Visualizer/gamified-finance-api/services/transaction-service/src/routes/transactionRoutes.ts:63:18)
[2025-05-27 20:14:08] error: error: invalid input syntax for type integer: "NaN"
    at /home/theplugza/Gamified-Financial-Visualizer/gamified-finance-api/services/transaction-service/node_modules/pg-pool/index.js:45:11
    at process.processTicksAndRejections (node:internal/process/task_queues:95:5)
    at async getUserTransactions (/home/theplugza/Gamified-Financial-Visualizer/gamified-finance-api/services/transaction-service/src/services/transaction.service.ts:219:17)
    at async <anonymous> (/home/theplugza/Gamified-Financial-Visualizer/gamified-finance-api/services/transaction-service/src/routes/transactionRoutes.ts:63:18)
