[2025-05-27 20:12:48] error: error: invalid input syntax for type integer: "NaN"
    at /home/theplugza/Gamified-Financial-Visualizer/gamified-finance-api/services/transaction-service/node_modules/pg-pool/index.js:45:11
    at process.processTicksAndRejections (node:internal/process/task_queues:95:5)
    at async getUserTransactions (/home/theplugza/Gamified-Financial-Visualizer/gamified-finance-api/services/transaction-service/src/services/transaction.service.ts:219:17)
    at async <anonymous> (/home/theplugza/Gamified-Financial-Visualizer/gamified-finance-api/services/transaction-service/src/routes/transactionRoutes.ts:63:18)
[2025-05-27 20:12:48] error: error: invalid input syntax for type integer: "NaN"
    at /home/theplugza/Gamified-Financial-Visualizer/gamified-finance-api/services/transaction-service/node_modules/pg-pool/index.js:45:11
    at process.processTicksAndRejections (node:internal/process/task_queues:95:5)
    at async getUserTransactions (/home/theplugza/Gamified-Financial-Visualizer/gamified-finance-api/services/transaction-service/src/services/transaction.service.ts:219:17)
    at async <anonymous> (/home/theplugza/Gamified-Financial-Visualizer/gamified-finance-api/services/transaction-service/src/routes/transactionRoutes.ts:63:18)
[2025-05-27 20:12:55] error: error: invalid input syntax for type integer: "NaN"
    at /home/theplugza/Gamified-Financial-Visualizer/gamified-finance-api/services/transaction-service/node_modules/pg-pool/index.js:45:11
    at process.processTicksAndRejections (node:internal/process/task_queues:95:5)
    at async getUserTransactions (/home/theplugza/Gamified-Financial-Visualizer/gamified-finance-api/services/transaction-service/src/services/transaction.service.ts:219:17)
    at async <anonymous> (/home/theplugza/Gamified-Financial-Visualizer/gamified-finance-api/services/transaction-service/src/routes/transactionRoutes.ts:63:18)
[2025-05-27 20:12:55] error: error: invalid input syntax for type integer: "NaN"
    at /home/theplugza/Gamified-Financial-Visualizer/gamified-finance-api/services/transaction-service/node_modules/pg-pool/index.js:45:11
    at process.processTicksAndRejections (node:internal/process/task_queues:95:5)
    at async getUserTransactions (/home/theplugza/Gamified-Financial-Visualizer/gamified-finance-api/services/transaction-service/src/services/transaction.service.ts:219:17)
    at async <anonymous> (/home/theplugza/Gamified-Financial-Visualizer/gamified-finance-api/services/transaction-service/src/routes/transactionRoutes.ts:63:18)
[2025-05-27 20:13:39] error: error: invalid input syntax for type integer: "NaN"
    at /home/theplugza/Gamified-Financial-Visualizer/gamified-finance-api/services/transaction-service/node_modules/pg-pool/index.js:45:11
    at process.processTicksAndRejections (node:internal/process/task_queues:95:5)
    at async getUserTransactions (/home/theplugza/Gamified-Financial-Visualizer/gamified-finance-api/services/transaction-service/src/services/transaction.service.ts:219:17)
    at async <anonymous> (/home/theplugza/Gamified-Financial-Visualizer/gamified-finance-api/services/transaction-service/src/routes/transactionRoutes.ts:63:18)
[2025-05-27 20:13:39] error: error: invalid input syntax for type integer: "NaN"
    at /home/theplugza/Gamified-Financial-Visualizer/gamified-finance-api/services/transaction-service/node_modules/pg-pool/index.js:45:11
    at process.processTicksAndRejections (node:internal/process/task_queues:95:5)
    at async getUserTransactions (/home/theplugza/Gamified-Financial-Visualizer/gamified-finance-api/services/transaction-service/src/services/transaction.service.ts:219:17)
    at async <anonymous> (/home/theplugza/Gamified-Financial-Visualizer/gamified-finance-api/services/transaction-service/src/routes/transactionRoutes.ts:63:18)
[2025-05-27 20:14:08] error: error: invalid input syntax for type integer: "NaN"
    at /home/theplugza/Gamified-Financial-Visualizer/gamified-finance-api/services/transaction-service/node_modules/pg-pool/index.js:45:11
    at process.processTicksAndRejections (node:internal/process/task_queues:95:5)
    at async getUserTransactions (/home/theplugza/Gamified-Financial-Visualizer/gamified-finance-api/services/transaction-service/src/services/transaction.service.ts:219:17)
    at async <anonymous> (/home/theplugza/Gamified-Financial-Visualizer/gamified-finance-api/services/transaction-service/src/routes/transactionRoutes.ts:63:18)
[2025-05-27 20:14:08] error: error: invalid input syntax for type integer: "NaN"
    at /home/theplugza/Gamified-Financial-Visualizer/gamified-finance-api/services/transaction-service/node_modules/pg-pool/index.js:45:11
    at process.processTicksAndRejections (node:internal/process/task_queues:95:5)
    at async getUserTransactions (/home/theplugza/Gamified-Financial-Visualizer/gamified-finance-api/services/transaction-service/src/services/transaction.service.ts:219:17)
    at async <anonymous> (/home/theplugza/Gamified-Financial-Visualizer/gamified-finance-api/services/transaction-service/src/routes/transactionRoutes.ts:63:18)
