[2025-05-26 19:56:32] error: error: null value in column "hashed_password" of relation "users" violates not-null constraint
    at /home/theplugza/Gamified-Financial-Visualizer/gamified-finance-api/services/auth-services/node_modules/pg-pool/index.js:45:11
    at process.processTicksAndRejections (node:internal/process/task_queues:95:5)
    at async Module.createUser (/home/theplugza/Gamified-Financial-Visualizer/gamified-finance-api/services/auth-services/src/services/auth.service.ts:24:20)
    at async register (/home/theplugza/Gamified-Financial-Visualizer/gamified-finance-api/services/auth-services/src/routes/authRoutes.ts:64:18)
[2025-05-26 19:56:32] error: error: null value in column "hashed_password" of relation "users" violates not-null constraint
    at /home/theplugza/Gamified-Financial-Visualizer/gamified-finance-api/services/auth-services/node_modules/pg-pool/index.js:45:11
    at process.processTicksAndRejections (node:internal/process/task_queues:95:5)
    at async Module.createUser (/home/theplugza/Gamified-Financial-Visualizer/gamified-finance-api/services/auth-services/src/services/auth.service.ts:24:20)
    at async register (/home/theplugza/Gamified-Financial-Visualizer/gamified-finance-api/services/auth-services/src/routes/authRoutes.ts:64:18)
[2025-05-26 20:33:14] error: TypeError: pchstr must be a non-empty string
    at deserialize (/home/theplugza/Gamified-Financial-Visualizer/gamified-finance-api/services/auth-services/node_modules/@phc/format/index.js:143:11)
    at Object.verify (/home/theplugza/Gamified-Financial-Visualizer/gamified-finance-api/services/auth-services/node_modules/argon2/argon2.js:91:15)
    at login (/home/theplugza/Gamified-Financial-Visualizer/gamified-finance-api/services/auth-services/src/routes/authRoutes.ts:119:32)
    at process.processTicksAndRejections (node:internal/process/task_queues:95:5)
[2025-05-26 20:33:55] error: TypeError: pchstr must be a non-empty string
    at deserialize (/home/theplugza/Gamified-Financial-Visualizer/gamified-finance-api/services/auth-services/node_modules/@phc/format/index.js:143:11)
    at Object.verify (/home/theplugza/Gamified-Financial-Visualizer/gamified-finance-api/services/auth-services/node_modules/argon2/argon2.js:91:15)
    at login (/home/theplugza/Gamified-Financial-Visualizer/gamified-finance-api/services/auth-services/src/routes/authRoutes.ts:119:32)
    at process.processTicksAndRejections (node:internal/process/task_queues:95:5)
[2025-05-26 20:38:47] error: TypeError: pchstr must be a non-empty string
    at deserialize (/home/theplugza/Gamified-Financial-Visualizer/gamified-finance-api/services/auth-services/node_modules/@phc/format/index.js:143:11)
    at Object.verify (/home/theplugza/Gamified-Financial-Visualizer/gamified-finance-api/services/auth-services/node_modules/argon2/argon2.js:91:15)
    at login (/home/theplugza/Gamified-Financial-Visualizer/gamified-finance-api/services/auth-services/src/routes/authRoutes.ts:119:32)
    at process.processTicksAndRejections (node:internal/process/task_queues:95:5)
